<?xml version="1.0" encoding="UTF-8"?>
<!-- Generated by org.testng.reporters.JUnitReportReporter -->
<testsuite skipped="0" hostname="IN2196867W4" name="testcases.facebookloginandlogout" tests="4" failures="0" timestamp="2021-05-10T21:55:57 IST" time="42.690" errors="0">
  <testcase name="loginandlogout" time="13.064" classname="testcases.facebookloginandlogout"/>
  <system-out/>
  <testcase name="loginandlogout" time="15.122" classname="testcases.facebookloginandlogout"/>
  <system-out/>
  <testcase name="loginandlogout" time="11.887" classname="testcases.facebookloginandlogout"/>
  <system-out/>
  <testcase name="incorrectvalue" time="2.617" classname="testcases.facebookloginandlogout"/>
  <system-out/>
</testsuite> <!-- testcases.facebookloginandlogout -->
