<?xml version="1.0" encoding="UTF-8"?>
<!-- Generated by org.testng.reporters.JUnitReportReporter -->
<testsuite skipped="0" hostname="IN2196867W4" name="testcases.facebooklogout" tests="2" failures="0" timestamp="2021-05-05T21:31:03 IST" time="30.269" errors="0">
  <testcase name="logoutoption" time="7.656" classname="testcases.facebooklogout"/>
  <system-out/>
  <testcase name="logoutfromdropdown" time="22.613" classname="testcases.facebooklogout"/>
  <system-out/>
</testsuite> <!-- testcases.facebooklogout -->
