<?xml version="1.0" encoding="UTF-8"?>
<!-- Generated by org.testng.reporters.JUnitReportReporter -->
<testsuite skipped="0" hostname="IN2196867W4" name="pck.clocklmavenproject.class1" tests="1" failures="0" timestamp="2021-05-03T21:34:40 IST" time="0.012" errors="0">
  <testcase name="method10" time="0.012" classname="pck.clocklmavenproject.class1"/>
  <system-out/>
</testsuite> <!-- pck.clocklmavenproject.class1 -->
